<?xml version="1.0" encoding="UTF-8"?>
<testng-results ignored="0" total="0" passed="0" failed="0" skipped="0">
  <reporter-output>
  </reporter-output>
  <suite started-at="2023-04-18T21:50:50 PDT" name="Command line suite" finished-at="2023-04-18T21:50:50 PDT" duration-ms="3">
    <groups>
    </groups>
    <test started-at="2023-04-18T21:50:50 PDT" name="Command line test" finished-at="2023-04-18T21:50:50 PDT" duration-ms="3">
    </test> <!-- Command line test -->
  </suite> <!-- Command line suite -->
</testng-results>
